2019-02-12T18:03:48+00:00 CRITICAL Maximum execution time of 30 seconds exceeded in C:\xampp\htdocs\wordpress\wp-content\plugins\contact-form-7\modules\quiz.php on line 8

2019-02-12T18:04:08+00:00 CRITICAL Maximum execution time of 30 seconds exceeded in C:\xampp\htdocs\wordpress\wp-includes\class-wp-image-editor-gd.php on line 185

2019-02-12T18:04:34+00:00 CRITICAL Maximum execution time of 30 seconds exceeded in C:\xampp\htdocs\wordpress\wp-includes\widgets\class-wp-widget-media-video.php on line 17

2019-02-12T18:05:46+00:00 CRITICAL Maximum execution time of 30 seconds exceeded in C:\xampp\htdocs\wordpress\wp-content\themes\cryptokn\redux-framework\modeltheme-config.woocommerce.php on line 3

2019-02-12T18:06:25+00:00 CRITICAL Maximum execution time of 30 seconds exceeded in C:\xampp\htdocs\wordpress\wp-admin\includes\media.php on line 16

2019-02-12T18:06:31+00:00 CRITICAL Maximum execution time of 30 seconds exceeded in C:\xampp\htdocs\wordpress\wp-admin\custom-header.php on line 14

2019-02-12T18:08:01+00:00 CRITICAL Maximum execution time of 30 seconds exceeded in C:\xampp\htdocs\wordpress\wp-includes\wp-db.php on line 1924

2019-02-12T18:18:17+00:00 CRITICAL Maximum execution time of 30 seconds exceeded in C:\xampp\htdocs\wordpress\wp-content\themes\precise\framework\classes\class-layout.php on line 4

2019-02-12T18:42:25+00:00 CRITICAL Maximum execution time of 30 seconds exceeded in C:\xampp\htdocs\wordpress\wp-content\themes\foton\framework\modules\header\lib\header-abstract.php on line 10

2019-02-12T18:44:27+00:00 CRITICAL Maximum execution time of 30 seconds exceeded in C:\xampp\htdocs\wordpress\wp-content\themes\foton\framework\modules\header\types\fixed-header\before-load.php on line 3

2019-02-12T18:44:31+00:00 CRITICAL Maximum execution time of 30 seconds exceeded in C:\xampp\htdocs\wordpress\wp-content\plugins\yith-woocommerce-wishlist\includes\class.yith-wcwl-init.php on line 10

2019-02-12T18:44:37+00:00 CRITICAL Maximum execution time of 30 seconds exceeded in C:\xampp\htdocs\wordpress\wp-content\plugins\yith-woocommerce-social-login\init.php on line 136

2019-02-12T18:44:40+00:00 CRITICAL Maximum execution time of 30 seconds exceeded in C:\xampp\htdocs\wordpress\wp-content\themes\foton\framework\modules\widgets\sticky-sidebar\sticky-sidebar.php on line 2

2019-02-12T18:46:28+00:00 CRITICAL Maximum execution time of 30 seconds exceeded in C:\xampp\htdocs\wordpress\wp-content\plugins\foton-core\shortcodes\team\team.php on line 6

2019-02-12T18:47:33+00:00 CRITICAL Maximum execution time of 30 seconds exceeded in C:\xampp\htdocs\wordpress\wp-content\themes\foton\framework\modules\woocommerce\woocommerce-functions.php on line 6

2019-02-12T19:28:45+00:00 CRITICAL Maximum execution time of 30 seconds exceeded in C:\xampp\htdocs\wordpress\wp-content\plugins\yith-woocommerce-social-login\init.php on line 136

2019-02-12T19:28:45+00:00 CRITICAL Maximum execution time of 30 seconds exceeded in C:\xampp\htdocs\wordpress\wp-content\plugins\yith-woocommerce-social-login\init.php on line 136

2019-02-12T19:46:52+00:00 CRITICAL Maximum execution time of 30 seconds exceeded in C:\xampp\htdocs\wordpress\wp-content\plugins\yith-woocommerce-social-login\init.php on line 136

2019-02-12T19:46:52+00:00 CRITICAL Maximum execution time of 30 seconds exceeded in C:\xampp\htdocs\wordpress\wp-content\plugins\yith-woocommerce-social-login\init.php on line 136

2019-02-12T19:50:13+00:00 CRITICAL Maximum execution time of 30 seconds exceeded in C:\xampp\htdocs\wordpress\wp-content\themes\astra\inc\core\class-astra-theme-options.php on line 15

2019-02-12T19:50:13+00:00 CRITICAL Maximum execution time of 30 seconds exceeded in C:\xampp\htdocs\wordpress\wp-content\plugins\yith-woocommerce-social-login\includes\hybridauth\Hybrid\Auth.php on line 16

